  Queue.c
C:\My-Grammar\Stack_queue\Stack_queue\Queue.c(7,8): warning C4013: “assert”未定义；假设外部返回 int
C:\My-Grammar\Stack_queue\Stack_queue\Queue.c(8,30): error C2065: “NULL”: 未声明的标识符
C:\My-Grammar\Stack_queue\Stack_queue\Queue.c(8,30): warning C4047: “=”:“QueueNode *”与“int”的间接级别不同
C:\My-Grammar\Stack_queue\Stack_queue\Queue.c(18,7): warning C4013: “free”未定义；假设外部返回 int
C:\My-Grammar\Stack_queue\Stack_queue\Queue.c(21,30): error C2065: “NULL”: 未声明的标识符
C:\My-Grammar\Stack_queue\Stack_queue\Queue.c(21,30): warning C4047: “=”:“QueueNode *”与“int”的间接级别不同
C:\My-Grammar\Stack_queue\Stack_queue\Queue.c(27,41): warning C4013: “malloc”未定义；假设外部返回 int
C:\My-Grammar\Stack_queue\Stack_queue\Queue.c(28,21): error C2065: “NULL”: 未声明的标识符
C:\My-Grammar\Stack_queue\Stack_queue\Queue.c(28,21): warning C4047: “==”:“QueueNode *”与“int”的间接级别不同
C:\My-Grammar\Stack_queue\Stack_queue\Queue.c(30,9): warning C4013: “printf”未定义；假设外部返回 int
C:\My-Grammar\Stack_queue\Stack_queue\Queue.c(31,7): warning C4013: “exit”未定义；假设外部返回 int
C:\My-Grammar\Stack_queue\Stack_queue\Queue.c(34,23): error C2065: “NULL”: 未声明的标识符
C:\My-Grammar\Stack_queue\Stack_queue\Queue.c(34,23): warning C4047: “=”:“QueueNode *”与“int”的间接级别不同
C:\My-Grammar\Stack_queue\Stack_queue\Queue.c(35,23): error C2065: “NULL”: 未声明的标识符
C:\My-Grammar\Stack_queue\Stack_queue\Queue.c(35,23): warning C4047: “==”:“QueueNode *”与“int”的间接级别不同
C:\My-Grammar\Stack_queue\Stack_queue\Queue.c(53,23): error C2065: “NULL”: 未声明的标识符
C:\My-Grammar\Stack_queue\Stack_queue\Queue.c(53,23): warning C4047: “==”:“QueueNode *”与“int”的间接级别不同
C:\My-Grammar\Stack_queue\Stack_queue\Queue.c(55,19): error C2065: “NULL”: 未声明的标识符
C:\My-Grammar\Stack_queue\Stack_queue\Queue.c(55,19): warning C4047: “=”:“QueueNode *”与“int”的间接级别不同
C:\My-Grammar\Stack_queue\Stack_queue\Queue.c(76,27): error C2065: “NULL”: 未声明的标识符
C:\My-Grammar\Stack_queue\Stack_queue\Queue.c(76,27): warning C4047: “==”:“QueueNode *”与“int”的间接级别不同
C:\My-Grammar\Stack_queue\Stack_queue\Queue.c(83,12): error C2065: “cur”: 未声明的标识符
C:\My-Grammar\Stack_queue\Stack_queue\Queue.c(86,7): error C2065: “cur”: 未声明的标识符
C:\My-Grammar\Stack_queue\Stack_queue\Queue.c(86,12): error C2065: “cur”: 未声明的标识符
C:\My-Grammar\Stack_queue\Stack_queue\Queue.c(86,14): error C2223: “->next”的左侧必须指向结构/联合
  Stack.c
C:\My-Grammar\Stack_queue\Stack_queue\Stack.h(8,2): error C2061: 语法错误: 标识符“STDataType”
C:\My-Grammar\Stack_queue\Stack_queue\Stack.h(11,1): error C2059: 语法错误:“}”
C:\My-Grammar\Stack_queue\Stack_queue\Stack.h(14,21): error C2143: 语法错误: 缺少“)”(在“*”的前面)
C:\My-Grammar\Stack_queue\Stack_queue\Stack.h(14,21): error C2143: 语法错误: 缺少“{”(在“*”的前面)
C:\My-Grammar\Stack_queue\Stack_queue\Stack.h(14,26): error C2059: 语法错误:“)”
C:\My-Grammar\Stack_queue\Stack_queue\Stack.h(15,24): error C2143: 语法错误: 缺少“)”(在“*”的前面)
C:\My-Grammar\Stack_queue\Stack_queue\Stack.h(15,24): error C2143: 语法错误: 缺少“{”(在“*”的前面)
C:\My-Grammar\Stack_queue\Stack_queue\Stack.h(15,29): error C2059: 语法错误:“)”
C:\My-Grammar\Stack_queue\Stack_queue\Stack.h(18,21): error C2143: 语法错误: 缺少“)”(在“*”的前面)
C:\My-Grammar\Stack_queue\Stack_queue\Stack.h(18,21): error C2143: 语法错误: 缺少“{”(在“*”的前面)
C:\My-Grammar\Stack_queue\Stack_queue\Stack.h(18,37): error C2146: 语法错误: 缺少“;”(在标识符“x”的前面)
C:\My-Grammar\Stack_queue\Stack_queue\Stack.h(18,38): error C2059: 语法错误:“)”
C:\My-Grammar\Stack_queue\Stack_queue\Stack.h(21,20): error C2143: 语法错误: 缺少“)”(在“*”的前面)
C:\My-Grammar\Stack_queue\Stack_queue\Stack.h(21,20): error C2143: 语法错误: 缺少“{”(在“*”的前面)
C:\My-Grammar\Stack_queue\Stack_queue\Stack.h(21,25): error C2059: 语法错误:“)”
C:\My-Grammar\Stack_queue\Stack_queue\Stack.h(24,20): error C2143: 语法错误: 缺少“)”(在“*”的前面)
C:\My-Grammar\Stack_queue\Stack_queue\Stack.h(24,20): error C2143: 语法错误: 缺少“{”(在“*”的前面)
C:\My-Grammar\Stack_queue\Stack_queue\Stack.h(24,25): error C2059: 语法错误:“)”
C:\My-Grammar\Stack_queue\Stack_queue\Stack.h(27,21): error C2143: 语法错误: 缺少“)”(在“*”的前面)
C:\My-Grammar\Stack_queue\Stack_queue\Stack.h(27,21): error C2143: 语法错误: 缺少“{”(在“*”的前面)
C:\My-Grammar\Stack_queue\Stack_queue\Stack.h(27,26): error C2059: 语法错误:“)”
C:\My-Grammar\Stack_queue\Stack_queue\Stack.h(30,12): error C2061: 语法错误: 标识符“StackTop”
C:\My-Grammar\Stack_queue\Stack_queue\Stack.h(30,12): error C2059: 语法错误:“;”
C:\My-Grammar\Stack_queue\Stack_queue\Stack.h(30,26): error C2143: 语法错误: 缺少“)”(在“*”的前面)
C:\My-Grammar\Stack_queue\Stack_queue\Stack.h(30,26): error C2143: 语法错误: 缺少“{”(在“*”的前面)
C:\My-Grammar\Stack_queue\Stack_queue\Stack.h(30,31): error C2059: 语法错误:“)”
C:\My-Grammar\Stack_queue\Stack_queue\Stack.c(4,21): error C2143: 语法错误: 缺少“)”(在“*”的前面)
C:\My-Grammar\Stack_queue\Stack_queue\Stack.c(4,21): error C2143: 语法错误: 缺少“{”(在“*”的前面)
C:\My-Grammar\Stack_queue\Stack_queue\Stack.c(4,26): error C2059: 语法错误:“)”
C:\My-Grammar\Stack_queue\Stack_queue\Stack.c(5,1): error C2054: 在“pst”之后应输入“(”
C:\My-Grammar\Stack_queue\Stack_queue\Stack.c(11,24): error C2143: 语法错误: 缺少“)”(在“*”的前面)
C:\My-Grammar\Stack_queue\Stack_queue\Stack.c(11,24): error C2143: 语法错误: 缺少“{”(在“*”的前面)
C:\My-Grammar\Stack_queue\Stack_queue\Stack.c(11,29): error C2059: 语法错误:“)”
C:\My-Grammar\Stack_queue\Stack_queue\Stack.c(12,1): error C2054: 在“pst”之后应输入“(”
C:\My-Grammar\Stack_queue\Stack_queue\Stack.c(19,21): error C2143: 语法错误: 缺少“)”(在“*”的前面)
C:\My-Grammar\Stack_queue\Stack_queue\Stack.c(19,21): error C2143: 语法错误: 缺少“{”(在“*”的前面)
C:\My-Grammar\Stack_queue\Stack_queue\Stack.c(19,39): error C2146: 语法错误: 缺少“;”(在标识符“x”的前面)
C:\My-Grammar\Stack_queue\Stack_queue\Stack.c(19,40): error C2059: 语法错误:“)”
C:\My-Grammar\Stack_queue\Stack_queue\Stack.c(20,1): error C2054: 在“x”之后应输入“(”
C:\My-Grammar\Stack_queue\Stack_queue\Stack.c(42,20): error C2143: 语法错误: 缺少“)”(在“*”的前面)
C:\My-Grammar\Stack_queue\Stack_queue\Stack.c(42,20): error C2143: 语法错误: 缺少“{”(在“*”的前面)
C:\My-Grammar\Stack_queue\Stack_queue\Stack.c(42,25): error C2059: 语法错误:“)”
C:\My-Grammar\Stack_queue\Stack_queue\Stack.c(43,1): error C2054: 在“pst”之后应输入“(”
C:\My-Grammar\Stack_queue\Stack_queue\Stack.c(49,20): error C2143: 语法错误: 缺少“)”(在“*”的前面)
C:\My-Grammar\Stack_queue\Stack_queue\Stack.c(49,20): error C2143: 语法错误: 缺少“{”(在“*”的前面)
C:\My-Grammar\Stack_queue\Stack_queue\Stack.c(49,25): error C2059: 语法错误:“)”
C:\My-Grammar\Stack_queue\Stack_queue\Stack.c(50,1): error C2054: 在“pst”之后应输入“(”
C:\My-Grammar\Stack_queue\Stack_queue\Stack.c(55,21): error C2143: 语法错误: 缺少“)”(在“*”的前面)
C:\My-Grammar\Stack_queue\Stack_queue\Stack.c(55,21): error C2143: 语法错误: 缺少“{”(在“*”的前面)
C:\My-Grammar\Stack_queue\Stack_queue\Stack.c(55,26): error C2059: 语法错误:“)”
C:\My-Grammar\Stack_queue\Stack_queue\Stack.c(56,1): error C2054: 在“pst”之后应输入“(”
C:\My-Grammar\Stack_queue\Stack_queue\Stack.c(62,12): error C2061: 语法错误: 标识符“StackTop”
C:\My-Grammar\Stack_queue\Stack_queue\Stack.c(62,12): error C2059: 语法错误:“;”
C:\My-Grammar\Stack_queue\Stack_queue\Stack.c(62,26): error C2143: 语法错误: 缺少“)”(在“*”的前面)
C:\My-Grammar\Stack_queue\Stack_queue\Stack.c(62,26): error C2143: 语法错误: 缺少“{”(在“*”的前面)
C:\My-Grammar\Stack_queue\Stack_queue\Stack.c(62,31): error C2059: 语法错误:“)”
C:\My-Grammar\Stack_queue\Stack_queue\Stack.c(63,1): error C2054: 在“pst”之后应输入“(”
  Test.c
C:\My-Grammar\Stack_queue\Stack_queue\Stack.h(8,2): error C2061: 语法错误: 标识符“STDataType”
C:\My-Grammar\Stack_queue\Stack_queue\Stack.h(11,1): error C2059: 语法错误:“}”
C:\My-Grammar\Stack_queue\Stack_queue\Stack.h(14,21): error C2143: 语法错误: 缺少“)”(在“*”的前面)
C:\My-Grammar\Stack_queue\Stack_queue\Stack.h(14,21): error C2143: 语法错误: 缺少“{”(在“*”的前面)
C:\My-Grammar\Stack_queue\Stack_queue\Stack.h(14,26): error C2059: 语法错误:“)”
C:\My-Grammar\Stack_queue\Stack_queue\Stack.h(15,24): error C2143: 语法错误: 缺少“)”(在“*”的前面)
C:\My-Grammar\Stack_queue\Stack_queue\Stack.h(15,24): error C2143: 语法错误: 缺少“{”(在“*”的前面)
C:\My-Grammar\Stack_queue\Stack_queue\Stack.h(15,29): error C2059: 语法错误:“)”
C:\My-Grammar\Stack_queue\Stack_queue\Stack.h(18,21): error C2143: 语法错误: 缺少“)”(在“*”的前面)
C:\My-Grammar\Stack_queue\Stack_queue\Stack.h(18,21): error C2143: 语法错误: 缺少“{”(在“*”的前面)
C:\My-Grammar\Stack_queue\Stack_queue\Stack.h(18,37): error C2146: 语法错误: 缺少“;”(在标识符“x”的前面)
C:\My-Grammar\Stack_queue\Stack_queue\Stack.h(18,38): error C2059: 语法错误:“)”
C:\My-Grammar\Stack_queue\Stack_queue\Stack.h(21,20): error C2143: 语法错误: 缺少“)”(在“*”的前面)
C:\My-Grammar\Stack_queue\Stack_queue\Stack.h(21,20): error C2143: 语法错误: 缺少“{”(在“*”的前面)
C:\My-Grammar\Stack_queue\Stack_queue\Stack.h(21,25): error C2059: 语法错误:“)”
C:\My-Grammar\Stack_queue\Stack_queue\Stack.h(24,20): error C2143: 语法错误: 缺少“)”(在“*”的前面)
C:\My-Grammar\Stack_queue\Stack_queue\Stack.h(24,20): error C2143: 语法错误: 缺少“{”(在“*”的前面)
C:\My-Grammar\Stack_queue\Stack_queue\Stack.h(24,25): error C2059: 语法错误:“)”
C:\My-Grammar\Stack_queue\Stack_queue\Stack.h(27,21): error C2143: 语法错误: 缺少“)”(在“*”的前面)
C:\My-Grammar\Stack_queue\Stack_queue\Stack.h(27,21): error C2143: 语法错误: 缺少“{”(在“*”的前面)
C:\My-Grammar\Stack_queue\Stack_queue\Stack.h(27,26): error C2059: 语法错误:“)”
C:\My-Grammar\Stack_queue\Stack_queue\Stack.h(30,12): error C2061: 语法错误: 标识符“StackTop”
C:\My-Grammar\Stack_queue\Stack_queue\Stack.h(30,12): error C2059: 语法错误:“;”
C:\My-Grammar\Stack_queue\Stack_queue\Stack.h(30,26): error C2143: 语法错误: 缺少“)”(在“*”的前面)
C:\My-Grammar\Stack_queue\Stack_queue\Stack.h(30,26): error C2143: 语法错误: 缺少“{”(在“*”的前面)
C:\My-Grammar\Stack_queue\Stack_queue\Stack.h(30,31): error C2059: 语法错误:“)”
C:\My-Grammar\Stack_queue\Stack_queue\Test.c(7,8): error C2065: “Stack”: 未声明的标识符
C:\My-Grammar\Stack_queue\Stack_queue\Test.c(7,8): error C2146: 语法错误: 缺少“;”(在标识符“st”的前面)
C:\My-Grammar\Stack_queue\Stack_queue\Test.c(7,10): error C2065: “st”: 未声明的标识符
C:\My-Grammar\Stack_queue\Stack_queue\Test.c(8,11): warning C4013: “StackInit”未定义；假设外部返回 int
C:\My-Grammar\Stack_queue\Stack_queue\Test.c(8,15): error C2065: “st”: 未声明的标识符
C:\My-Grammar\Stack_queue\Stack_queue\Test.c(9,11): warning C4013: “StackPush”未定义；假设外部返回 int
C:\My-Grammar\Stack_queue\Stack_queue\Test.c(9,15): error C2065: “st”: 未声明的标识符
C:\My-Grammar\Stack_queue\Stack_queue\Test.c(10,15): error C2065: “st”: 未声明的标识符
C:\My-Grammar\Stack_queue\Stack_queue\Test.c(11,15): error C2065: “st”: 未声明的标识符
C:\My-Grammar\Stack_queue\Stack_queue\Test.c(12,15): error C2065: “st”: 未声明的标识符
C:\My-Grammar\Stack_queue\Stack_queue\Test.c(13,20): warning C4013: “StackEmpty”未定义；假设外部返回 int
C:\My-Grammar\Stack_queue\Stack_queue\Test.c(13,24): error C2065: “st”: 未声明的标识符
C:\My-Grammar\Stack_queue\Stack_queue\Test.c(15,25): warning C4013: “StackTop”未定义；假设外部返回 int
C:\My-Grammar\Stack_queue\Stack_queue\Test.c(15,29): error C2065: “st”: 未声明的标识符
C:\My-Grammar\Stack_queue\Stack_queue\Test.c(16,11): warning C4013: “StackPop”未定义；假设外部返回 int
C:\My-Grammar\Stack_queue\Stack_queue\Test.c(16,15): error C2065: “st”: 未声明的标识符
C:\My-Grammar\Stack_queue\Stack_queue\Test.c(18,14): warning C4013: “StackDestory”未定义；假设外部返回 int
C:\My-Grammar\Stack_queue\Stack_queue\Test.c(18,18): error C2065: “st”: 未声明的标识符
C:\My-Grammar\Stack_queue\Stack_queue\Test.c(24,11): warning C4013: “Queuepush”未定义；假设外部返回 int
  正在生成代码...
